{
  "RSpec": {
    "coverage": {
      "/Users/malachygilchrist/Documents/Coding/Projects/whatsapp/whatsapp-users/lib/app.rb": [
        1,
        1,
        1,
        null,
        1,
        1,
        1,
        0,
        null,
        null
      ],
      "/Users/malachygilchrist/Documents/Coding/Projects/whatsapp/whatsapp-users/lib/controllers/users.rb": [
        1,
        1,
        1,
        null,
        1,
        null,
        1,
        10,
        10,
        null,
        null,
        1,
        2,
        2,
        6,
        null,
        2,
        null,
        null,
        1,
        3,
        3,
        null,
        null,
        null,
        3,
        null,
        null,
        null,
        3,
        null,
        0,
        null,
        null,
        null,
        1,
        2,
        2,
        2,
        2,
        null,
        null,
        1,
        3,
        3,
        null,
        null,
        1,
        null,
        1,
        null,
        null,
        null,
        11,
        null,
        null
      ],
      "/Users/malachygilchrist/Documents/Coding/Projects/whatsapp/whatsapp-users/lib/models/user.rb": [
        1,
        1,
        1,
        null,
        1,
        1,
        1,
        null,
        null
      ],
      "/Users/malachygilchrist/Documents/Coding/Projects/whatsapp/whatsapp-users/lib/data_mapper_setup.rb": [
        1,
        1,
        1,
        null,
        1,
        1,
        1
      ],
      "/Users/malachygilchrist/Documents/Coding/Projects/whatsapp/whatsapp-users/spec/controllers/users_spec.rb": [
        1,
        1,
        1,
        null,
        null,
        1,
        1,
        9,
        9,
        9,
        9,
        null,
        null,
        1,
        9,
        null,
        null,
        1,
        1,
        1,
        1,
        null,
        null,
        1,
        1,
        1,
        null,
        null,
        1,
        1,
        2,
        null,
        null,
        1,
        1,
        1,
        null,
        null,
        1,
        1,
        1,
        null,
        null,
        null,
        null,
        1,
        1,
        3,
        3,
        null,
        null,
        1,
        1,
        1,
        null,
        null,
        1,
        1,
        null,
        1,
        1,
        null,
        null,
        1,
        1,
        1,
        null,
        null,
        null,
        1,
        1,
        2,
        null,
        null,
        1,
        1,
        1,
        null,
        null,
        1,
        1,
        1,
        null,
        null,
        null
      ],
      "/Users/malachygilchrist/Documents/Coding/Projects/whatsapp/whatsapp-users/db/test_db_helpers.rb": [
        1,
        null,
        1,
        null,
        null,
        null,
        1,
        10,
        null,
        null,
        1,
        1,
        null,
        null,
        1,
        10,
        30,
        null,
        null,
        null,
        1,
        1
      ]
    },
    "timestamp": 1546869218
  }
}
